<?xml version="1.0" encoding="UTF-8"?>
<testng-results ignored="0" total="1" passed="0" failed="1" skipped="0">
  <reporter-output>
  </reporter-output>
  <suite started-at="2021-05-12T20:19:34 IST" name="Default suite" finished-at="2021-05-12T20:19:47 IST" duration-ms="13386">
    <groups>
    </groups>
    <test started-at="2021-05-12T20:19:34 IST" name="Default test" finished-at="2021-05-12T20:19:47 IST" duration-ms="13386">
      <class name="com.crm.vtiger.sampleTests.CreateContactWithOrganizationTest">
        <test-method signature="createContact()[pri:0, instance:com.crm.vtiger.sampleTests.CreateContactWithOrganizationTest@67c33749]" started-at="2021-05-12T20:19:34 IST" name="createContact" finished-at="2021-05-12T20:19:47 IST" duration-ms="13255" status="FAIL">
          <exception class="org.openqa.selenium.WebDriverException">
            <message>
              <![CDATA[unknown error: Chrome failed to start: exited normally.
  (chrome not reachable)
  (The process started from chrome location C:\Program Files (x86)\Google\Chrome\Application\chrome.exe is no longer running, so ChromeDriver is assuming that Chrome has crashed.)
Build info: version: '3.141.59', revision: 'e82be7d358', time: '2018-11-14T08:17:03'
System info: host: 'USER', ip: '192.168.48.1', os.name: 'Windows 8.1', os.arch: 'amd64', os.version: '6.3', java.version: '15.0.1'
Driver info: driver.version: ChromeDriver
remote stacktrace: Backtrace:
Ordinal0 [0x004EC013+2474003]
Ordinal0 [0x004829C1+2042305]
Ordinal0 [0x00392F68+1060712]
Ordinal0 [0x003B024D+1180237]
Ordinal0 [0x003AAA83+1157763]
Ordinal0 [0x003DA2A2+1352354]
Ordinal0 [0x003D8FAA+1347498]
Ordinal0 [0x003D66DB+1337051]
Ordinal0 [0x003B3427+1192999]
Ordinal0 [0x003B42EE+1196782]
Ordinal0 [0x003B4279+1196665]
GetHandleVerifier [0x006796FC+1590332]
GetHandleVerifier [0x00728614+2306900]
GetHandleVerifier [0x00579E93+543699]
GetHandleVerifier [0x005792CE+540686]
Ordinal0 [0x004886BA+2066106]
Ordinal0 [0x0048D1C8+2085320]
Ordinal0 [0x0048D308+2085640]
Ordinal0 [0x004967F3+2123763]
BaseThreadInitThunk [0x746F6A14+36]
RtlInitializeExceptionChain [0x76F5AB2F+143]
RtlInitializeExceptionChain [0x76F5AAFA+90]
]]>
            </message>
            <full-stacktrace>
              <![CDATA[org.openqa.selenium.WebDriverException: unknown error: Chrome failed to start: exited normally.
  (chrome not reachable)
  (The process started from chrome location C:\Program Files (x86)\Google\Chrome\Application\chrome.exe is no longer running, so ChromeDriver is assuming that Chrome has crashed.)
Build info: version: '3.141.59', revision: 'e82be7d358', time: '2018-11-14T08:17:03'
System info: host: 'USER', ip: '192.168.48.1', os.name: 'Windows 8.1', os.arch: 'amd64', os.version: '6.3', java.version: '15.0.1'
Driver info: driver.version: ChromeDriver
remote stacktrace: Backtrace:
Ordinal0 [0x004EC013+2474003]
Ordinal0 [0x004829C1+2042305]
Ordinal0 [0x00392F68+1060712]
Ordinal0 [0x003B024D+1180237]
Ordinal0 [0x003AAA83+1157763]
Ordinal0 [0x003DA2A2+1352354]
Ordinal0 [0x003D8FAA+1347498]
Ordinal0 [0x003D66DB+1337051]
Ordinal0 [0x003B3427+1192999]
Ordinal0 [0x003B42EE+1196782]
Ordinal0 [0x003B4279+1196665]
GetHandleVerifier [0x006796FC+1590332]
GetHandleVerifier [0x00728614+2306900]
GetHandleVerifier [0x00579E93+543699]
GetHandleVerifier [0x005792CE+540686]
Ordinal0 [0x004886BA+2066106]
Ordinal0 [0x0048D1C8+2085320]
Ordinal0 [0x0048D308+2085640]
Ordinal0 [0x004967F3+2123763]
BaseThreadInitThunk [0x746F6A14+36]
RtlInitializeExceptionChain [0x76F5AB2F+143]
RtlInitializeExceptionChain [0x76F5AAFA+90]

at java.base/jdk.internal.reflect.NativeConstructorAccessorImpl.newInstance0(Native Method)
at java.base/jdk.internal.reflect.NativeConstructorAccessorImpl.newInstance(NativeConstructorAccessorImpl.java:64)
at java.base/jdk.internal.reflect.DelegatingConstructorAccessorImpl.newInstance(DelegatingConstructorAccessorImpl.java:45)
at java.base/java.lang.reflect.Constructor.newInstanceWithCaller(Constructor.java:500)
at java.base/java.lang.reflect.Constructor.newInstance(Constructor.java:481)
at org.openqa.selenium.remote.W3CHandshakeResponse.lambda$errorHandler$0(W3CHandshakeResponse.java:62)
at org.openqa.selenium.remote.HandshakeResponse.lambda$getResponseFunction$0(HandshakeResponse.java:30)
at org.openqa.selenium.remote.ProtocolHandshake.lambda$createSession$0(ProtocolHandshake.java:126)
at java.base/java.util.stream.ReferencePipeline$3$1.accept(ReferencePipeline.java:195)
at java.base/java.util.Spliterators$ArraySpliterator.tryAdvance(Spliterators.java:958)
at java.base/java.util.stream.ReferencePipeline.forEachWithCancel(ReferencePipeline.java:127)
at java.base/java.util.stream.AbstractPipeline.copyIntoWithCancel(AbstractPipeline.java:502)
at java.base/java.util.stream.AbstractPipeline.copyInto(AbstractPipeline.java:488)
at java.base/java.util.stream.AbstractPipeline.wrapAndCopyInto(AbstractPipeline.java:474)
at java.base/java.util.stream.FindOps$FindOp.evaluateSequential(FindOps.java:150)
at java.base/java.util.stream.AbstractPipeline.evaluate(AbstractPipeline.java:234)
at java.base/java.util.stream.ReferencePipeline.findFirst(ReferencePipeline.java:543)
at org.openqa.selenium.remote.ProtocolHandshake.createSession(ProtocolHandshake.java:128)
at org.openqa.selenium.remote.ProtocolHandshake.createSession(ProtocolHandshake.java:74)
at org.openqa.selenium.remote.HttpCommandExecutor.execute(HttpCommandExecutor.java:136)
at org.openqa.selenium.remote.service.DriverCommandExecutor.execute(DriverCommandExecutor.java:83)
at org.openqa.selenium.remote.RemoteWebDriver.execute(RemoteWebDriver.java:552)
at org.openqa.selenium.remote.RemoteWebDriver.startSession(RemoteWebDriver.java:213)
at org.openqa.selenium.remote.RemoteWebDriver.<init>(RemoteWebDriver.java:131)
at org.openqa.selenium.chrome.ChromeDriver.<init>(ChromeDriver.java:181)
at org.openqa.selenium.chrome.ChromeDriver.<init>(ChromeDriver.java:168)
at org.openqa.selenium.chrome.ChromeDriver.<init>(ChromeDriver.java:123)
at com.crm.vtiger.sampleTests.CreateContactWithOrganizationTest.createContact(CreateContactWithOrganizationTest.java:23)
at java.base/jdk.internal.reflect.NativeMethodAccessorImpl.invoke0(Native Method)
at java.base/jdk.internal.reflect.NativeMethodAccessorImpl.invoke(NativeMethodAccessorImpl.java:64)
at java.base/jdk.internal.reflect.DelegatingMethodAccessorImpl.invoke(DelegatingMethodAccessorImpl.java:43)
at java.base/java.lang.reflect.Method.invoke(Method.java:564)
at org.testng.internal.MethodInvocationHelper.invokeMethod(MethodInvocationHelper.java:132)
at org.testng.internal.TestInvoker.invokeMethod(TestInvoker.java:599)
at org.testng.internal.TestInvoker.invokeTestMethod(TestInvoker.java:174)
at org.testng.internal.MethodRunner.runInSequence(MethodRunner.java:46)
at org.testng.internal.TestInvoker$MethodInvocationAgent.invoke(TestInvoker.java:822)
at org.testng.internal.TestInvoker.invokeTestMethods(TestInvoker.java:147)
at org.testng.internal.TestMethodWorker.invokeTestMethods(TestMethodWorker.java:146)
at org.testng.internal.TestMethodWorker.run(TestMethodWorker.java:128)
at java.base/java.util.ArrayList.forEach(ArrayList.java:1511)
at org.testng.TestRunner.privateRun(TestRunner.java:764)
at org.testng.TestRunner.run(TestRunner.java:585)
at org.testng.SuiteRunner.runTest(SuiteRunner.java:384)
at org.testng.SuiteRunner.runSequentially(SuiteRunner.java:378)
at org.testng.SuiteRunner.privateRun(SuiteRunner.java:337)
at org.testng.SuiteRunner.run(SuiteRunner.java:286)
at org.testng.SuiteRunnerWorker.runSuite(SuiteRunnerWorker.java:53)
at org.testng.SuiteRunnerWorker.run(SuiteRunnerWorker.java:96)
at org.testng.TestNG.runSuitesSequentially(TestNG.java:1218)
at org.testng.TestNG.runSuitesLocally(TestNG.java:1140)
at org.testng.TestNG.runSuites(TestNG.java:1069)
at org.testng.TestNG.run(TestNG.java:1037)
at org.testng.remote.AbstractRemoteTestNG.run(AbstractRemoteTestNG.java:115)
at org.testng.remote.RemoteTestNG.initAndRun(RemoteTestNG.java:251)
at org.testng.remote.RemoteTestNG.main(RemoteTestNG.java:77)
]]>
            </full-stacktrace>
          </exception> <!-- org.openqa.selenium.WebDriverException -->
          <reporter-output>
          </reporter-output>
        </test-method> <!-- createContact -->
      </class> <!-- com.crm.vtiger.sampleTests.CreateContactWithOrganizationTest -->
    </test> <!-- Default test -->
  </suite> <!-- Default suite -->
</testng-results>
