<?xml version="1.0" encoding="UTF-8"?>
<testng-results ignored="0" total="1" passed="1" failed="0" skipped="0">
  <reporter-output>
  </reporter-output>
  <suite started-at="2021-05-10T12:04:03 IST" name="Default suite" finished-at="2021-05-10T12:04:03 IST" duration-ms="184">
    <groups>
    </groups>
    <test started-at="2021-05-10T12:04:03 IST" name="Default test" finished-at="2021-05-10T12:04:03 IST" duration-ms="184">
      <class name="com.crm.vtiger.GenericUtils.JavaUtility">
        <test-method signature="time()[pri:0, instance:com.crm.vtiger.GenericUtils.JavaUtility@581ac8a8]" started-at="2021-05-10T12:04:03 IST" name="time" finished-at="2021-05-10T12:04:03 IST" duration-ms="61" status="PASS">
          <reporter-output>
          </reporter-output>
        </test-method> <!-- time -->
      </class> <!-- com.crm.vtiger.GenericUtils.JavaUtility -->
    </test> <!-- Default test -->
  </suite> <!-- Default suite -->
</testng-results>
