<?xml version="1.0" encoding="UTF-8"?>
<testng-results ignored="0" total="1" passed="1" failed="0" skipped="0">
  <reporter-output>
  </reporter-output>
  <suite started-at="2021-05-01T22:08:05 IST" name="Default suite" finished-at="2021-05-01T22:08:06 IST" duration-ms="674">
    <groups>
    </groups>
    <test started-at="2021-05-01T22:08:05 IST" name="Default test" finished-at="2021-05-01T22:08:06 IST" duration-ms="674">
      <class name="com.google.gmail.DataBaseUtils">
        <test-method signature="getExecuteQuery()[pri:0, instance:com.google.gmail.DataBaseUtils@366647c2]" started-at="2021-05-01T22:08:05 IST" name="getExecuteQuery" finished-at="2021-05-01T22:08:06 IST" duration-ms="596" status="PASS">
          <reporter-output>
          </reporter-output>
        </test-method> <!-- getExecuteQuery -->
      </class> <!-- com.google.gmail.DataBaseUtils -->
    </test> <!-- Default test -->
  </suite> <!-- Default suite -->
</testng-results>
