<?xml version="1.0" encoding="UTF-8"?>
<!-- Generated by org.testng.reporters.JUnitXMLReporter -->
<testsuite ignored="0" hostname="user" failures="2" tests="2" name="Test" time="18.823" errors="0" timestamp="2021-05-04T18:45:17 IST">
  <testcase classname="com.online.project1.FetchingOrganizationName" name="organizationNames" time="18.697">
    <failure type="java.lang.ArithmeticException" message="/ by zero">
      <![CDATA[java.lang.ArithmeticException: / by zero
at com.online.project1.FetchingOrganizationName.organizationNames(FetchingOrganizationName.java:26)
at java.base/java.util.ArrayList.forEach(ArrayList.java:1511)
... Removed 27 stack frames]]>
    </failure>
  </testcase> <!-- organizationNames -->
  <testcase classname="com.online.project1.FetchingOrganizationName" name="organizationNames" time="18.77">
    <failure type="java.lang.NullPointerException" message="Cannot invoke &amp;quot;Object.getClass()&amp;quot; because &amp;quot;object&amp;quot; is null">
      <![CDATA[java.lang.NullPointerException: Cannot invoke "Object.getClass()" because "object" is null
at org.openqa.selenium.support.events.EventFiringWebDriver.extractInterfaces(EventFiringWebDriver.java:120)
at org.openqa.selenium.support.events.EventFiringWebDriver.<init>(EventFiringWebDriver.java:94)
at GenericUtils.ListImg.onTestFailure(ListImg.java:18)
at java.base/java.util.ArrayList.forEach(ArrayList.java:1511)
... Removed 24 stack frames]]>
    </failure>
  </testcase> <!-- organizationNames -->
</testsuite> <!-- Test -->
