<?xml version="1.0" encoding="UTF-8"?>
<!-- Generated by org.testng.reporters.JUnitXMLReporter -->
<testsuite ignored="2" hostname="user" failures="0" tests="2" name="Test" time="0.136" errors="0" timestamp="2021-05-10T07:43:13 IST">
  <testcase classname="com.crm.vtiger.sampleTests.SampleTest" name="sample1" time="0.017"/>
  <testcase classname="com.crm.vtiger.sampleTests.Sample1Test" name="sample3" time="0.005"/>
  <testcase classname="com.crm.vtiger.sampleTests.Sample1Test" name="sample4" time="0.0">
    <ignored/>
  </testcase> <!-- sample4 -->
  <testcase classname="com.crm.vtiger.sampleTests.SampleTest" name="sample2" time="0.0">
    <ignored/>
  </testcase> <!-- sample2 -->
</testsuite> <!-- Test -->
